<?xml version="1.0" encoding="UTF-8"?>
<!-- Generated by org.testng.reporters.JUnitReportReporter -->
<testsuite hostname="DESKTOP-F8P7PPD" failures="0" tests="2" name="TestNgCrossBrowserTesting.CrossBrowserTest" time="278.414" errors="0" timestamp="2022-06-29T17:16:07 IST" skipped="0">
  <testcase classname="TestNgCrossBrowserTesting.CrossBrowserTest" name="launchingBrowsers" time="145.007"/>
  <system-out/>
  <testcase classname="TestNgCrossBrowserTesting.CrossBrowserTest" name="launchingBrowsers" time="133.407"/>
  <system-out/>
</testsuite> <!-- TestNgCrossBrowserTesting.CrossBrowserTest -->
