<?xml version="1.0" encoding="UTF-8"?>
<!-- Generated by org.testng.reporters.JUnitReportReporter -->
<testsuite hostname="DESKTOP-F8P7PPD" failures="0" tests="2" name="TestNgKeywords.PriorityKeyword" time="0.009" errors="0" timestamp="2022-06-23T13:21:41 IST" skipped="0">
  <testcase classname="TestNgKeywords.PriorityKeyword" name="b" time="0.004"/>
  <system-out>
    <![CDATA[B]]>
  </system-out>
  <testcase classname="TestNgKeywords.PriorityKeyword" name="c" time="0.005"/>
  <system-out>
    <![CDATA[C]]>
  </system-out>
</testsuite> <!-- TestNgKeywords.PriorityKeyword -->
