<?xml version="1.0" encoding="UTF-8"?>
<!-- Generated by org.testng.reporters.JUnitReportReporter -->
<testsuite hostname="DESKTOP-F8P7PPD" failures="0" tests="1" name="KiteTest.KiteUIDvalidateDataFromPropertyFile" time="9.997" errors="0" timestamp="2022-07-01T16:12:15 IST" skipped="0">
  <testcase classname="KiteTest.KiteUIDvalidateDataFromPropertyFile" name="validateUID" time="9.997"/>
  <system-out>
    <![CDATA[actual & expected result are matching TC PASSED]]>
  </system-out>
</testsuite> <!-- KiteTest.KiteUIDvalidateDataFromPropertyFile -->
