<?xml version="1.0" encoding="UTF-8"?>
<!-- Generated by org.testng.reporters.JUnitReportReporter -->
<testsuite hostname="DESKTOP-F8P7PPD" failures="0" tests="1" name="TestNgCrossBrowserTesting.FirefoxBrowser" time="87.382" errors="0" timestamp="2022-06-29T13:59:24 IST" skipped="0">
  <testcase classname="TestNgCrossBrowserTesting.FirefoxBrowser" name="firefoxBrowserLaunch" time="87.382"/>
  <system-out/>
</testsuite> <!-- TestNgCrossBrowserTesting.FirefoxBrowser -->
