<?xml version="1.0" encoding="UTF-8"?>
<!-- Generated by org.testng.reporters.JUnitReportReporter -->
<testsuite hostname="DESKTOP-F8P7PPD" failures="0" tests="1" name="TestNgStudy.TestFaileXML" time="0.005" errors="0" timestamp="2022-06-24T14:53:05 IST" skipped="0">
  <testcase classname="TestNgStudy.TestFaileXML" name="a" time="0.005"/>
  <system-out>
    <![CDATA[A]]>
  </system-out>
</testsuite> <!-- TestNgStudy.TestFaileXML -->
