<?xml version="1.0" encoding="UTF-8"?>
<!-- Generated by org.testng.reporters.JUnitReportReporter -->
<testsuite hostname="DESKTOP-F8P7PPD" failures="0" tests="3" name="TestNgKeywords.enabledKeyword" time="0.023" errors="0" timestamp="2022-06-23T12:43:13 IST" skipped="1">
  <testcase classname="TestNgKeywords.enabledKeyword" name="b" time="0.021"/>
  <system-out>
    <![CDATA[B]]>
  </system-out>
  <testcase classname="TestNgKeywords.enabledKeyword" name="c" time="0.002"/>
  <system-out>
    <![CDATA[C]]>
  </system-out>
  <testcase classname="TestNgKeywords.enabledKeyword" name="a">
    <skipped/>
  </testcase> <!-- a -->
  <system-out/>
</testsuite> <!-- TestNgKeywords.enabledKeyword -->
