<?xml version="1.0" encoding="UTF-8"?>
<!-- Generated by org.testng.reporters.JUnitReportReporter -->
<testsuite hostname="DESKTOP-F8P7PPD" failures="0" tests="2" name="TestNgStudy.TestClass1" time="81.317" errors="0" timestamp="2022-06-22T12:29:29 IST" skipped="0">
  <testcase classname="TestNgStudy.TestClass1" name="myMethod" time="50.271"/>
  <system-out>
    <![CDATA[hi this is mymethod]]>
  </system-out>
  <testcase classname="TestNgStudy.TestClass1" name="myMethod1" time="31.046"/>
  <system-out>
    <![CDATA[hi this is mymethod1]]>
  </system-out>
</testsuite> <!-- TestNgStudy.TestClass1 -->
