<?xml version="1.0" encoding="UTF-8"?>
<!-- Generated by org.testng.reporters.JUnitReportReporter -->
<testsuite hostname="DESKTOP-F8P7PPD" failures="0" tests="5" name="TestNgKeywords.InvocationCountKeyword" time="0.030" errors="0" timestamp="2022-06-22T13:06:13 IST" skipped="0">
  <testcase classname="TestNgKeywords.InvocationCountKeyword" name="testInvocation" time="0.005"/>
  <system-out>
    <![CDATA[Apple]]>
  </system-out>
  <testcase classname="TestNgKeywords.InvocationCountKeyword" name="testInvocation" time="0.005"/>
  <system-out>
    <![CDATA[Apple]]>
  </system-out>
  <testcase classname="TestNgKeywords.InvocationCountKeyword" name="testInvocation" time="0.003"/>
  <system-out>
    <![CDATA[Apple]]>
  </system-out>
  <testcase classname="TestNgKeywords.InvocationCountKeyword" name="testInvocation" time="0.002"/>
  <system-out>
    <![CDATA[Apple]]>
  </system-out>
  <testcase classname="TestNgKeywords.InvocationCountKeyword" name="testInvocation" time="0.015"/>
  <system-out>
    <![CDATA[Apple]]>
  </system-out>
</testsuite> <!-- TestNgKeywords.InvocationCountKeyword -->
