<?xml version="1.0" encoding="UTF-8"?>
<!-- Generated by org.testng.reporters.JUnitReportReporter -->
<testsuite hostname="DESKTOP-F8P7PPD" failures="0" tests="1" name="TestNgAnnotation.AnnotationStudy" time="0.008" errors="0" timestamp="2022-06-23T13:21:41 IST" skipped="0">
  <testcase classname="TestNgAnnotation.AnnotationStudy" name="validateUID" time="0.008"/>
  <system-out>
    <![CDATA[UID validated]]>
  </system-out>
</testsuite> <!-- TestNgAnnotation.AnnotationStudy -->
