<?xml version="1.0" encoding="UTF-8"?>
<!-- Generated by org.testng.reporters.JUnitReportReporter -->
<testsuite hostname="DESKTOP-F8P7PPD" failures="0" tests="1" name="KiteTest.KiteUIDvalidate" time="6.965" errors="0" timestamp="2022-07-04T13:21:12 IST" skipped="0">
  <testcase classname="KiteTest.KiteUIDvalidate" name="validateUID" time="6.965"/>
  <system-out>
    <![CDATA[actual & expected result are matching TC PASSED]]>
  </system-out>
</testsuite> <!-- KiteTest.KiteUIDvalidate -->
