<?xml version="1.0" encoding="UTF-8"?>
<!-- Generated by org.testng.reporters.JUnitReportReporter -->
<testsuite hostname="DESKTOP-F8P7PPD" failures="0" tests="1" name="TestNgParallerAndSerialEx.vctPage" time="59.367" errors="0" timestamp="2022-06-29T13:23:20 IST" skipped="0">
  <testcase classname="TestNgParallerAndSerialEx.vctPage" name="vctLaunch" time="59.367"/>
  <system-out/>
</testsuite> <!-- TestNgParallerAndSerialEx.vctPage -->
