<?xml version="1.0" encoding="UTF-8"?>
<!-- Generated by org.testng.reporters.JUnitReportReporter -->
<testsuite hostname="DESKTOP-F8P7PPD" failures="0" tests="3" name="TestNgKeywords.dependsOnMethodsKeyword" time="0.017" errors="0" timestamp="2022-06-23T12:58:53 IST" skipped="0">
  <testcase classname="TestNgKeywords.dependsOnMethodsKeyword" name="b" time="0.014"/>
  <system-out>
    <![CDATA[B]]>
  </system-out>
  <testcase classname="TestNgKeywords.dependsOnMethodsKeyword" name="c" time="0.002"/>
  <system-out>
    <![CDATA[C]]>
  </system-out>
  <testcase classname="TestNgKeywords.dependsOnMethodsKeyword" name="a" time="0.001"/>
  <system-out>
    <![CDATA[A]]>
  </system-out>
</testsuite> <!-- TestNgKeywords.dependsOnMethodsKeyword -->
