<?xml version="1.0" encoding="UTF-8"?>
<!-- Generated by org.testng.reporters.JUnitReportReporter -->
<testsuite hostname="DESKTOP-F8P7PPD" failures="0" tests="1" name="TestNgVerification.AssertNullUse" time="0.020" errors="0" timestamp="2022-06-28T14:06:43 IST" skipped="0">
  <testcase classname="TestNgVerification.AssertNullUse" name="myMethod2" time="0.020"/>
  <system-out>
    <![CDATA[value is Null TC is passed
value is not Null TC is passed]]>
  </system-out>
</testsuite> <!-- TestNgVerification.AssertNullUse -->
