<?xml version="1.0" encoding="UTF-8"?>
<!-- Generated by org.testng.reporters.JUnitReportReporter -->
<testsuite hostname="DESKTOP-F8P7PPD" failures="0" tests="1" name="TestNgVerification.AssertTrueUse" time="0.020" errors="0" timestamp="2022-06-28T13:44:36 IST" skipped="0">
  <testcase classname="TestNgVerification.AssertTrueUse" name="myMethod1" time="0.020"/>
  <system-out>
    <![CDATA[value is true Tc is passed
value is false TC is passed]]>
  </system-out>
</testsuite> <!-- TestNgVerification.AssertTrueUse -->
