<?xml version="1.0" encoding="UTF-8"?>
<!-- Generated by org.testng.reporters.JUnitReportReporter -->
<testsuite hostname="DESKTOP-F8P7PPD" failures="0" tests="1" name="TestNgParallerAndSerialEx.googlePage" time="53.713" errors="0" timestamp="2022-06-29T13:23:20 IST" skipped="0">
  <testcase classname="TestNgParallerAndSerialEx.googlePage" name="googleLaunch" time="53.713"/>
  <system-out/>
</testsuite> <!-- TestNgParallerAndSerialEx.googlePage -->
