<?xml version="1.0" encoding="UTF-8"?>
<!-- Generated by org.testng.reporters.JUnitReportReporter -->
<testsuite hostname="DESKTOP-F8P7PPD" failures="0" tests="1" name="TestNgStudy.TestGrooping1" time="0.000" errors="0" timestamp="2022-06-29T12:32:39 IST" skipped="0">
  <testcase classname="TestNgStudy.TestGrooping1" name="q" time="0.000"/>
  <system-out>
    <![CDATA[Q sanity]]>
  </system-out>
</testsuite> <!-- TestNgStudy.TestGrooping1 -->
