<?xml version="1.0" encoding="UTF-8"?>
<!-- Generated by org.testng.reporters.JUnitReportReporter -->
<testsuite hostname="DESKTOP-F8P7PPD" failures="0" tests="2" name="TestNgStudy.TestGroooping" time="0.000" errors="0" timestamp="2022-06-29T12:32:39 IST" skipped="0">
  <testcase classname="TestNgStudy.TestGroooping" name="a" time="0.000"/>
  <system-out>
    <![CDATA[A sanity]]>
  </system-out>
  <testcase classname="TestNgStudy.TestGroooping" name="c" time="0.000"/>
  <system-out>
    <![CDATA[C sanity]]>
  </system-out>
</testsuite> <!-- TestNgStudy.TestGroooping -->
