<?xml version="1.0" encoding="UTF-8"?>
<!-- Generated by org.testng.reporters.JUnitReportReporter -->
<testsuite hostname="DESKTOP-F8P7PPD" failures="0" tests="1" name="TestNgVerification.AssertEqualsUse" time="0.021" errors="0" timestamp="2022-06-28T13:34:19 IST" skipped="0">
  <testcase classname="TestNgVerification.AssertEqualsUse" name="myMethod" time="0.021"/>
  <system-out>
    <![CDATA[a&b values are not matching TC pass]]>
  </system-out>
</testsuite> <!-- TestNgVerification.AssertEqualsUse -->
